<?xml version="1.0" encoding="UTF-8"?>
<testsuite xmlns:xsi="http://www.w3.org/2001/XMLSchema-instance" xsi:noNamespaceSchemaLocation="https://maven.apache.org/surefire/maven-surefire-plugin/xsd/surefire-test-report-3.0.xsd" version="3.0" name="io.ktrace.core.event.TraceEventTest" time="0.052" tests="12" errors="0" skipped="0" failures="0">
  <properties>
[...]
</properties>
  <testcase name="rootEvent_shouldHaveNullParentAndTrigger" classname="io.ktrace.core.event.TraceEventTest" time="0.037"/>
  <testcase name="builder_shouldAcceptValidUuid" classname="io.ktrace.core.event.TraceEventTest" time="0.001"/>
  <testcase name="builder_shouldRequireSpanId" classname="io.ktrace.core.event.TraceEventTest" time="0.001"/>
  <testcase name="traceEvent_shouldBeImmutable" classname="io.ktrace.core.event.TraceEventTest" time="0.0"/>
  <testcase name="builder_shouldValidateSpanIdUuidFormat" classname="io.ktrace.core.event.TraceEventTest" time="0.002"/>
  <testcase name="equals_shouldReturnFalseForDifferentSpanId" classname="io.ktrace.core.event.TraceEventTest" time="0.0"/>
  <testcase name="builder_shouldRequireProducedTopic" classname="io.ktrace.core.event.TraceEventTest" time="0.0"/>
  <testcase name="applicationName_shouldAllowNull" classname="io.ktrace.core.event.TraceEventTest" time="0.001"/>
  <testcase name="builder_shouldValidateTraceIdUuidFormat" classname="io.ktrace.core.event.TraceEventTest" time="0.0"/>
  <testcase name="messageKey_shouldAllowNull" classname="io.ktrace.core.event.TraceEventTest" time="0.001"/>
  <testcase name="builder_shouldRequireTraceId" classname="io.ktrace.core.event.TraceEventTest" time="0.0"/>
  <testcase name="equals_shouldReturnTrueForSameData" classname="io.ktrace.core.event.TraceEventTest" time="0.001"/>
</testsuite>